# JRE version: OpenJDK Runtime Environment (8.0_112-b05) (build 1.8.0_112-release-b05)
# Java VM: OpenJDK 64-Bit Server VM (25.112-b05 mixed mode bsd-amd64 compressed oops)
Heap:
 PSYoungGen      total 411136K, used 65706K [0x00000007a0000000, 0x00000007bf280000, 0x00000007c0000000)
  eden space 316928K, 20% used [0x00000007a0000000,0x00000007a402a9e0,0x00000007b3580000)
  from space 94208K, 0% used [0x00000007b3580000,0x00000007b3580000,0x00000007b9180000)
  to   space 89600K, 0% used [0x00000007b9b00000,0x00000007b9b00000,0x00000007bf280000)
 ParOldGen       total 376832K, used 187517K [0x0000000760000000, 0x0000000777000000, 0x00000007a0000000)
  object space 376832K, 49% used [0x0000000760000000,0x000000076b71f4b0,0x0000000777000000)
 Metaspace       used 74586K, capacity 76874K, committed 77056K, reserved 1116160K
  class space    used 9186K, capacity 9639K, committed 9728K, reserved 1048576K
GC Heap History (10 events):
Event: 393.780 GC heap before
{Heap before GC invocations=57 (full 7):
 PSYoungGen      total 336384K, used 336208K [0x00000007a0000000, 0x00000007bf600000, 0x00000007c0000000)
  eden space 297984K, 100% used [0x00000007a0000000,0x00000007b2300000,0x00000007b2300000)
  from space 38400K, 99% used [0x00000007b2300000,0x00000007b48543d8,0x00000007b4880000)
  to   space 108032K, 0% used [0x00000007b8c80000,0x00000007b8c80000,0x00000007bf600000)
 ParOldGen       total 335872K, used 214235K [0x0000000760000000, 0x0000000774800000, 0x00000007a0000000)
  object space 335872K, 63% used [0x0000000760000000,0x000000076d136ff0,0x0000000774800000)
 Metaspace       used 74559K, capacity 76874K, committed 77056K, reserved 1116160K
  class space    used 9186K, capacity 9639K, committed 9728K, reserved 1048576K
Event: 393.880 GC heap after
Heap after GC invocations=57 (full 7):
 PSYoungGen      total 410112K, used 34845K [0x00000007a0000000, 0x00000007c0000000, 0x00000007c0000000)
  eden space 302080K, 0% used [0x00000007a0000000,0x00000007a0000000,0x00000007b2700000)
  from space 108032K, 32% used [0x00000007b8c80000,0x00000007bae877d0,0x00000007bf600000)
  to   space 103936K, 0% used [0x00000007b2700000,0x00000007b2700000,0x00000007b8c80000)
 ParOldGen       total 335872K, used 234055K [0x0000000760000000, 0x0000000774800000, 0x00000007a0000000)
  object space 335872K, 69% used [0x0000000760000000,0x000000076e491d20,0x0000000774800000)
 Metaspace       used 74559K, capacity 76874K, committed 77056K, reserved 1116160K
  class space    used 9186K, capacity 9639K, committed 9728K, reserved 1048576K
}
Event: 395.049 GC heap before
{Heap before GC invocations=58 (full 7):
 PSYoungGen      total 410112K, used 336925K [0x00000007a0000000, 0x00000007c0000000, 0x00000007c0000000)
  eden space 302080K, 100% used [0x00000007a0000000,0x00000007b2700000,0x00000007b2700000)
  from space 108032K, 32% used [0x00000007b8c80000,0x00000007bae877d0,0x00000007bf600000)
  to   space 103936K, 0% used [0x00000007b2700000,0x00000007b2700000,0x00000007b8c80000)
 ParOldGen       total 335872K, used 234055K [0x0000000760000000, 0x0000000774800000, 0x00000007a0000000)
  object space 335872K, 69% used [0x0000000760000000,0x000000076e491d20,0x0000000774800000)
 Metaspace       used 74571K, capacity 76874K, committed 77056K, reserved 1116160K
  class space    used 9186K, capacity 9639K, committed 9728K, reserved 1048576K
Event: 395.178 GC heap after
Heap after GC invocations=58 (full 7):
 PSYoungGen      total 406016K, used 40600K [0x00000007a0000000, 0x00000007bf200000, 0x00000007c0000000)
  eden space 302080K, 0% used [0x00000007a0000000,0x00000007a0000000,0x00000007b2700000)
  from space 103936K, 39% used [0x00000007b2700000,0x00000007b4ea6040,0x00000007b8c80000)
  to   space 98816K, 0% used [0x00000007b9180000,0x00000007b9180000,0x00000007bf200000)
 ParOldGen       total 335872K, used 258942K [0x0000000760000000, 0x0000000774800000, 0x00000007a0000000)
  object space 335872K, 77% used [0x0000000760000000,0x000000076fcdf918,0x0000000774800000)
 Metaspace       used 74571K, capacity 76874K, committed 77056K, reserved 1116160K
  class space    used 9186K, capacity 9639K, committed 9728K, reserved 1048576K
}
Event: 396.482 GC heap before
{Heap before GC invocations=59 (full 7):
 PSYoungGen      total 406016K, used 342680K [0x00000007a0000000, 0x00000007bf200000, 0x00000007c0000000)
  eden space 302080K, 100% used [0x00000007a0000000,0x00000007b2700000,0x00000007b2700000)
  from space 103936K, 39% used [0x00000007b2700000,0x00000007b4ea6040,0x00000007b8c80000)
  to   space 98816K, 0% used [0x00000007b9180000,0x00000007b9180000,0x00000007bf200000)
 ParOldGen       total 335872K, used 258942K [0x0000000760000000, 0x0000000774800000, 0x00000007a0000000)
  object space 335872K, 77% used [0x0000000760000000,0x000000076fcdf918,0x0000000774800000)
 Metaspace       used 74574K, capacity 76874K, committed 77056K, reserved 1116160K
  class space    used 9186K, capacity 9639K, committed 9728K, reserved 1048576K
Event: 396.604 GC heap after
Heap after GC invocations=59 (full 7):
 PSYoungGen      total 415744K, used 42401K [0x00000007a0000000, 0x00000007bf200000, 0x00000007c0000000)
  eden space 316928K, 0% used [0x00000007a0000000,0x00000007a0000000,0x00000007b3580000)
  from space 98816K, 42% used [0x00000007b9180000,0x00000007bbae8578,0x00000007bf200000)
  to   space 94208K, 0% used [0x00000007b3580000,0x00000007b3580000,0x00000007b9180000)
 ParOldGen       total 335872K, used 281963K [0x0000000760000000, 0x0000000774800000, 0x00000007a0000000)
  object space 335872K, 83% used [0x0000000760000000,0x000000077135ac68,0x0000000774800000)
 Metaspace       used 74574K, capacity 76874K, committed 77056K, reserved 1116160K
  class space    used 9186K, capacity 9639K, committed 9728K, reserved 1048576K
}
Event: 397.776 GC heap before
{Heap before GC invocations=60 (full 7):
 PSYoungGen      total 415744K, used 359329K [0x00000007a0000000, 0x00000007bf200000, 0x00000007c0000000)
  eden space 316928K, 100% used [0x00000007a0000000,0x00000007b3580000,0x00000007b3580000)
  from space 98816K, 42% used [0x00000007b9180000,0x00000007bbae8578,0x00000007bf200000)
  to   space 94208K, 0% used [0x00000007b3580000,0x00000007b3580000,0x00000007b9180000)
 ParOldGen       total 335872K, used 281963K [0x0000000760000000, 0x0000000774800000, 0x00000007a0000000)
  object space 335872K, 83% used [0x0000000760000000,0x000000077135ac68,0x0000000774800000)
 Metaspace       used 74586K, capacity 76874K, committed 77056K, reserved 1116160K
  class space    used 9186K, capacity 9639K, committed 9728K, reserved 1048576K
Event: 397.941 GC heap after
Heap after GC invocations=60 (full 7):
 PSYoungGen      total 411136K, used 46624K [0x00000007a0000000, 0x00000007bf280000, 0x00000007c0000000)
  eden space 316928K, 0% used [0x00000007a0000000,0x00000007a0000000,0x00000007b3580000)
  from space 94208K, 49% used [0x00000007b3580000,0x00000007b6308218,0x00000007b9180000)
  to   space 89600K, 0% used [0x00000007b9b00000,0x00000007b9b00000,0x00000007bf280000)
 ParOldGen       total 335872K, used 317665K [0x0000000760000000, 0x0000000774800000, 0x00000007a0000000)
  object space 335872K, 94% used [0x0000000760000000,0x00000007736384a0,0x0000000774800000)
 Metaspace       used 74586K, capacity 76874K, committed 77056K, reserved 1116160K
  class space    used 9186K, capacity 9639K, committed 9728K, reserved 1048576K
}
Event: 397.941 GC heap before
{Heap before GC invocations=61 (full 8):
 PSYoungGen      total 411136K, used 46624K [0x00000007a0000000, 0x00000007bf280000, 0x00000007c0000000)
  eden space 316928K, 0% used [0x00000007a0000000,0x00000007a0000000,0x00000007b3580000)
  from space 94208K, 49% used [0x00000007b3580000,0x00000007b6308218,0x00000007b9180000)
  to   space 89600K, 0% used [0x00000007b9b00000,0x00000007b9b00000,0x00000007bf280000)
 ParOldGen       total 335872K, used 317665K [0x0000000760000000, 0x0000000774800000, 0x00000007a0000000)
  object space 335872K, 94% used [0x0000000760000000,0x00000007736384a0,0x0000000774800000)
 Metaspace       used 74586K, capacity 76874K, committed 77056K, reserved 1116160K
  class space    used 9186K, capacity 9639K, committed 9728K, reserved 1048576K
Event: 399.099 GC heap after
Heap after GC invocations=61 (full 8):
 PSYoungGen      total 411136K, used 0K [0x00000007a0000000, 0x00000007bf280000, 0x00000007c0000000)
  eden space 316928K, 0% used [0x00000007a0000000,0x00000007a0000000,0x00000007b3580000)
  from space 94208K, 0% used [0x00000007b3580000,0x00000007b3580000,0x00000007b9180000)
  to   space 89600K, 0% used [0x00000007b9b00000,0x00000007b9b00000,0x00000007bf280000)
 ParOldGen       total 376832K, used 187517K [0x0000000760000000, 0x0000000777000000, 0x00000007a0000000)
  object space 376832K, 49% used [0x0000000760000000,0x000000076b71f4b0,0x0000000777000000)
 Metaspace       used 74586K, capacity 76874K, committed 77056K, reserved 1116160K
  class space    used 9186K, capacity 9639K, committed 9728K, reserved 1048576K
}

