# JRE version: OpenJDK Runtime Environment (8.0_112-b05) (build 1.8.0_112-release-b05)
# Java VM: OpenJDK 64-Bit Server VM (25.112-b05 mixed mode bsd-amd64 compressed oops)
Heap:
 PSYoungGen      total 369664K, used 23597K [0x00000007a0000000, 0x00000007b8a80000, 0x00000007c0000000)
  eden space 342528K, 0% used [0x00000007a0000000,0x00000007a0000000,0x00000007b4e80000)
  from space 27136K, 86% used [0x00000007b6c00000,0x00000007b830b478,0x00000007b8680000)
  to   space 30208K, 0% used [0x00000007b4e80000,0x00000007b4e80000,0x00000007b6c00000)
 ParOldGen       total 84480K, used 48592K [0x0000000760000000, 0x0000000765280000, 0x00000007a0000000)
  object space 84480K, 57% used [0x0000000760000000,0x0000000762f741d8,0x0000000765280000)
 Metaspace       used 57342K, capacity 58962K, committed 59136K, reserved 1099776K
  class space    used 7442K, capacity 7837K, committed 7936K, reserved 1048576K
GC Heap History (10 events):
Event: 22.368 GC heap after
Heap after GC invocations=12 (full 2):
 PSYoungGen      total 249344K, used 13808K [0x00000007a0000000, 0x00000007b0a00000, 0x00000007c0000000)
  eden space 235520K, 0% used [0x00000007a0000000,0x00000007a0000000,0x00000007ae600000)
  from space 13824K, 99% used [0x00000007af880000,0x00000007b05fc1f8,0x00000007b0600000)
  to   space 18432K, 0% used [0x00000007ae600000,0x00000007ae600000,0x00000007af800000)
 ParOldGen       total 84480K, used 27704K [0x0000000760000000, 0x0000000765280000, 0x00000007a0000000)
  object space 84480K, 32% used [0x0000000760000000,0x0000000761b0e1b0,0x0000000765280000)
 Metaspace       used 48368K, capacity 49810K, committed 50176K, reserved 1093632K
  class space    used 6436K, capacity 6789K, committed 6912K, reserved 1048576K
}
Event: 30.832 GC heap before
{Heap before GC invocations=13 (full 2):
 PSYoungGen      total 249344K, used 249328K [0x00000007a0000000, 0x00000007b0a00000, 0x00000007c0000000)
  eden space 235520K, 100% used [0x00000007a0000000,0x00000007ae600000,0x00000007ae600000)
  from space 13824K, 99% used [0x00000007af880000,0x00000007b05fc1f8,0x00000007b0600000)
  to   space 18432K, 0% used [0x00000007ae600000,0x00000007ae600000,0x00000007af800000)
 ParOldGen       total 84480K, used 27704K [0x0000000760000000, 0x0000000765280000, 0x00000007a0000000)
  object space 84480K, 32% used [0x0000000760000000,0x0000000761b0e1b0,0x0000000765280000)
 Metaspace       used 50963K, capacity 52324K, committed 52608K, reserved 1095680K
  class space    used 6691K, capacity 7022K, committed 7040K, reserved 1048576K
Event: 30.930 GC heap after
Heap after GC invocations=13 (full 2):
 PSYoungGen      total 253952K, used 18411K [0x00000007a0000000, 0x00000007b5380000, 0x00000007c0000000)
  eden space 235520K, 0% used [0x00000007a0000000,0x00000007a0000000,0x00000007ae600000)
  from space 18432K, 99% used [0x00000007ae600000,0x00000007af7fadf0,0x00000007af800000)
  to   space 26624K, 0% used [0x00000007b3980000,0x00000007b3980000,0x00000007b5380000)
 ParOldGen       total 84480K, used 43229K [0x0000000760000000, 0x0000000765280000, 0x00000007a0000000)
  object space 84480K, 51% used [0x0000000760000000,0x0000000762a375c8,0x0000000765280000)
 Metaspace       used 50963K, capacity 52324K, committed 52608K, reserved 1095680K
  class space    used 6691K, capacity 7022K, committed 7040K, reserved 1048576K
}
Event: 36.718 GC heap before
{Heap before GC invocations=14 (full 2):
 PSYoungGen      total 253952K, used 253931K [0x00000007a0000000, 0x00000007b5380000, 0x00000007c0000000)
  eden space 235520K, 100% used [0x00000007a0000000,0x00000007ae600000,0x00000007ae600000)
  from space 18432K, 99% used [0x00000007ae600000,0x00000007af7fadf0,0x00000007af800000)
  to   space 26624K, 0% used [0x00000007b3980000,0x00000007b3980000,0x00000007b5380000)
 ParOldGen       total 84480K, used 43229K [0x0000000760000000, 0x0000000765280000, 0x00000007a0000000)
  object space 84480K, 51% used [0x0000000760000000,0x0000000762a375c8,0x0000000765280000)
 Metaspace       used 53876K, capacity 55260K, committed 55552K, reserved 1097728K
  class space    used 7002K, capacity 7352K, committed 7424K, reserved 1048576K
Event: 36.740 GC heap after
Heap after GC invocations=14 (full 2):
 PSYoungGen      total 305664K, used 5858K [0x00000007a0000000, 0x00000007b4b80000, 0x00000007c0000000)
  eden space 287232K, 0% used [0x00000007a0000000,0x00000007a0000000,0x00000007b1880000)
  from space 18432K, 31% used [0x00000007b3980000,0x00000007b3f38bb0,0x00000007b4b80000)
  to   space 26112K, 0% used [0x00000007b1880000,0x00000007b1880000,0x00000007b3200000)
 ParOldGen       total 84480K, used 48576K [0x0000000760000000, 0x0000000765280000, 0x00000007a0000000)
  object space 84480K, 57% used [0x0000000760000000,0x0000000762f701d8,0x0000000765280000)
 Metaspace       used 53876K, capacity 55260K, committed 55552K, reserved 1097728K
  class space    used 7002K, capacity 7352K, committed 7424K, reserved 1048576K
}
Event: 41.185 GC heap before
{Heap before GC invocations=15 (full 2):
 PSYoungGen      total 305664K, used 293090K [0x00000007a0000000, 0x00000007b4b80000, 0x00000007c0000000)
  eden space 287232K, 100% used [0x00000007a0000000,0x00000007b1880000,0x00000007b1880000)
  from space 18432K, 31% used [0x00000007b3980000,0x00000007b3f38bb0,0x00000007b4b80000)
  to   space 26112K, 0% used [0x00000007b1880000,0x00000007b1880000,0x00000007b3200000)
 ParOldGen       total 84480K, used 48576K [0x0000000760000000, 0x0000000765280000, 0x00000007a0000000)
  object space 84480K, 57% used [0x0000000760000000,0x0000000762f701d8,0x0000000765280000)
 Metaspace       used 55500K, capacity 57020K, committed 57216K, reserved 1099776K
  class space    used 7179K, capacity 7552K, committed 7552K, reserved 1048576K
Event: 41.218 GC heap after
Heap after GC invocations=15 (full 2):
 PSYoungGen      total 313344K, used 17481K [0x00000007a0000000, 0x00000007b8680000, 0x00000007c0000000)
  eden space 287232K, 0% used [0x00000007a0000000,0x00000007a0000000,0x00000007b1880000)
  from space 26112K, 66% used [0x00000007b1880000,0x00000007b2992570,0x00000007b3200000)
  to   space 27136K, 0% used [0x00000007b6c00000,0x00000007b6c00000,0x00000007b8680000)
 ParOldGen       total 84480K, used 48584K [0x0000000760000000, 0x0000000765280000, 0x00000007a0000000)
  object space 84480K, 57% used [0x0000000760000000,0x0000000762f721d8,0x0000000765280000)
 Metaspace       used 55500K, capacity 57020K, committed 57216K, reserved 1099776K
  class space    used 7179K, capacity 7552K, committed 7552K, reserved 1048576K
}
Event: 45.299 GC heap before
{Heap before GC invocations=16 (full 2):
 PSYoungGen      total 313344K, used 139193K [0x00000007a0000000, 0x00000007b8680000, 0x00000007c0000000)
  eden space 287232K, 42% used [0x00000007a0000000,0x00000007a76dc268,0x00000007b1880000)
  from space 26112K, 66% used [0x00000007b1880000,0x00000007b2992570,0x00000007b3200000)
  to   space 27136K, 0% used [0x00000007b6c00000,0x00000007b6c00000,0x00000007b8680000)
 ParOldGen       total 84480K, used 48584K [0x0000000760000000, 0x0000000765280000, 0x00000007a0000000)
  object space 84480K, 57% used [0x0000000760000000,0x0000000762f721d8,0x0000000765280000)
 Metaspace       used 57342K, capacity 58962K, committed 59136K, reserved 1099776K
  class space    used 7442K, capacity 7837K, committed 7936K, reserved 1048576K
Event: 45.339 GC heap after
Heap after GC invocations=16 (full 2):
 PSYoungGen      total 369664K, used 23597K [0x00000007a0000000, 0x00000007b8a80000, 0x00000007c0000000)
  eden space 342528K, 0% used [0x00000007a0000000,0x00000007a0000000,0x00000007b4e80000)
  from space 27136K, 86% used [0x00000007b6c00000,0x00000007b830b478,0x00000007b8680000)
  to   space 30208K, 0% used [0x00000007b4e80000,0x00000007b4e80000,0x00000007b6c00000)
 ParOldGen       total 84480K, used 48592K [0x0000000760000000, 0x0000000765280000, 0x00000007a0000000)
  object space 84480K, 57% used [0x0000000760000000,0x0000000762f741d8,0x0000000765280000)
 Metaspace       used 57342K, capacity 58962K, committed 59136K, reserved 1099776K
  class space    used 7442K, capacity 7837K, committed 7936K, reserved 1048576K
}
Event: 45.339 GC heap before
{Heap before GC invocations=17 (full 3):
 PSYoungGen      total 369664K, used 23597K [0x00000007a0000000, 0x00000007b8a80000, 0x00000007c0000000)
  eden space 342528K, 0% used [0x00000007a0000000,0x00000007a0000000,0x00000007b4e80000)
  from space 27136K, 86% used [0x00000007b6c00000,0x00000007b830b478,0x00000007b8680000)
  to   space 30208K, 0% used [0x00000007b4e80000,0x00000007b4e80000,0x00000007b6c00000)
 ParOldGen       total 84480K, used 48592K [0x0000000760000000, 0x0000000765280000, 0x00000007a0000000)
  object space 84480K, 57% used [0x0000000760000000,0x0000000762f741d8,0x0000000765280000)
 Metaspace       used 57342K, capacity 58962K, committed 59136K, reserved 1099776K
  class space    used 7442K, capacity 7837K, committed 7936K, reserved 1048576K

